<?xml version="1.0" encoding="UTF-8"?>
<testsuite name="aoc.AppTest" tests="2" skipped="0" failures="0" errors="0" timestamp="2022-11-28T08:02:26" hostname="fedora" time="0.01">
  <properties/>
  <testcase name="part2MultipliesInput()" classname="aoc.AppTest" time="0.008"/>
  <testcase name="part1SumsInput()" classname="aoc.AppTest" time="0.001"/>
  <system-out><![CDATA[]]></system-out>
  <system-err><![CDATA[]]></system-err>
</testsuite>
